2020.05.19 20:35:01 INFO  started: Metals version 0.9.0 in workspace '/Users/newpouy/dev/predictionio-my/docker/templates/plainit-template-ecom-recommender'
2020.05.19 20:35:02 INFO  time: initialize in 0.85s
2020.05.19 20:35:03 INFO  no build target: using presentation compiler with only scala-library
2020.05.19 20:35:07 WARN  no build target for: /Users/newpouy/dev/predictionio-my/docker/templates/plainit-template-ecom-recommender/src/main/scala/DataSource.scala
2020.05.19 20:35:07 WARN  no build target for: /Users/newpouy/dev/predictionio-my/docker/templates/plainit-template-ecom-recommender/src/main/scala/ECommAlgorithm.scala
2020.05.19 20:35:07 WARN  no build target for: /Users/newpouy/dev/predictionio-my/docker/templates/plainit-template-ecom-recommender/src/main/scala/Engine.scala
2020.05.19 20:35:07 WARN  no build target for: /Users/newpouy/dev/predictionio-my/docker/templates/plainit-template-ecom-recommender/src/main/scala/Serving.scala
2020.05.19 20:35:07 WARN  no build target for: /Users/newpouy/dev/predictionio-my/docker/templates/plainit-template-ecom-recommender/src/main/scala/Preparator.scala
May 19, 2020 8:35:07 PM org.eclipse.lsp4j.jsonrpc.RemoteEndpoint handleCancellation
경고: Unmatched cancel notification for request id 4
May 19, 2020 8:35:07 PM org.eclipse.lsp4j.jsonrpc.RemoteEndpoint handleCancellation
경고: Unmatched cancel notification for request id 2
2020.05.19 20:36:30 WARN  code navigation does not work for the file '/Users/newpouy/dev/predictionio-my/docker/templates/plainit-template-ecom-recommender/src/main/scala/Engine.scala' because it doesn't belong to a build target.
2020.05.19 20:36:56 WARN  no build target for: /Users/newpouy/dev/predictionio-my/docker/templates/plainit-template-ecom-recommender/src/test/scala/PreparatorTest.scala
2020.05.19 20:36:56 WARN  no build target for: /Users/newpouy/dev/predictionio-my/docker/templates/plainit-template-ecom-recommender/src/test/scala/EngineTestSparkContext.scala
2020.05.19 20:36:56 WARN  no build target for: /Users/newpouy/dev/predictionio-my/docker/templates/plainit-template-ecom-recommender/src/test/scala/ECommAlgorithmTest.scala
May 19, 2020 8:36:56 PM org.eclipse.lsp4j.jsonrpc.RemoteEndpoint handleCancellation
경고: Unmatched cancel notification for request id 57
2020.05.19 20:36:57 WARN  no build target for: /Users/newpouy/dev/predictionio-my/docker/templates/plainit-template-ecom-recommender/src/main/scala/DataSource.scala
2020.05.19 20:36:57 WARN  no build target for: /Users/newpouy/dev/predictionio-my/docker/templates/plainit-template-ecom-recommender/src/main/scala/ECommAlgorithm.scala
2020.05.19 20:36:57 WARN  no build target for: /Users/newpouy/dev/predictionio-my/docker/templates/plainit-template-ecom-recommender/src/main/scala/Engine.scala
2020.05.19 20:36:57 WARN  no build target for: /Users/newpouy/dev/predictionio-my/docker/templates/plainit-template-ecom-recommender/src/main/scala/Preparator.scala
2020.05.19 20:36:57 WARN  no build target for: /Users/newpouy/dev/predictionio-my/docker/templates/plainit-template-ecom-recommender/src/test/scala/ECommAlgorithmTest.scala
2020.05.19 20:36:57 WARN  no build target for: /Users/newpouy/dev/predictionio-my/docker/templates/plainit-template-ecom-recommender/src/main/scala/Serving.scala
2020.05.19 20:36:57 WARN  no build target for: /Users/newpouy/dev/predictionio-my/docker/templates/plainit-template-ecom-recommender/src/test/scala/PreparatorTest.scala
2020.05.19 20:36:57 WARN  no build target for: /Users/newpouy/dev/predictionio-my/docker/templates/plainit-template-ecom-recommender/src/test/scala/EngineTestSparkContext.scala
2020.05.19 22:23:43 WARN  code navigation does not work for the file '/Users/newpouy/dev/predictionio-my/docker/templates/plainit-template-ecom-recommender/src/main/scala/ECommAlgorithm.scala' because it doesn't belong to a build target.
2020.05.19 22:23:43 WARN  code navigation does not work for the file '/Users/newpouy/dev/predictionio-my/docker/templates/plainit-template-ecom-recommender/src/main/scala/ECommAlgorithm.scala' because it doesn't belong to a build target.
2020.05.19 22:23:45 WARN  code navigation does not work for the file '/Users/newpouy/dev/predictionio-my/docker/templates/plainit-template-ecom-recommender/src/main/scala/ECommAlgorithm.scala' because it doesn't belong to a build target.
May 19, 2020 10:47:14 PM org.eclipse.lsp4j.jsonrpc.RemoteEndpoint handleCancellation
경고: Unmatched cancel notification for request id 230
2020.05.19 22:53:54 WARN  no build target for: /Users/newpouy/dev/predictionio-my/docker/templates/plainit-template-ecom-recommender/src/main/scala/ECommAlgorithm.scala
2020.05.19 23:00:23 WARN  code navigation does not work for the file '/Users/newpouy/dev/predictionio-my/docker/templates/plainit-template-ecom-recommender/src/main/scala/ECommAlgorithm.scala' because it doesn't belong to a build target.
